{"D:\\React\\test\\src\\App.js": {"path":"D:\\React\\test\\src\\App.js","statementMap":{"0":{"start":{"line":7,"column":4},"end":{"line":11,"column":6}}},"fnMap":{"0":{"name":"(anonymous_0)","decl":{"start":{"line":6,"column":2},"end":{"line":6,"column":3}},"loc":{"start":{"line":6,"column":11},"end":{"line":12,"column":3}},"line":6}},"branchMap":{},"s":{"0":1},"f":{"0":1},"b":{},"_coverageSchema":"332fd63041d2c1bcb487cc26dd0d5f7d97098a6c","hash":"c4efdeb5fb1d20388b349e44b8771d5a187445a0"}
,"D:\\React\\test\\src\\index.js": {"path":"D:\\React\\test\\src\\index.js","statementMap":{"0":{"start":{"line":1,"column":0},"end":{"line":null,"column":-1}},"1":{"start":{"line":2,"column":0},"end":{"line":null,"column":-1}},"2":{"start":{"line":3,"column":0},"end":{"line":null,"column":-1}},"3":{"start":{"line":4,"column":0},"end":{"line":null,"column":-1}},"4":{"start":{"line":5,"column":0},"end":{"line":null,"column":-1}},"5":{"start":{"line":12,"column":0},"end":{"line":null,"column":-1}}},"fnMap":{},"branchMap":{},"s":{"0":0,"1":0,"2":0,"3":0,"4":0,"5":0},"f":{},"b":{}}
,"D:\\React\\test\\src\\serviceWorker.js": {"path":"D:\\React\\test\\src\\serviceWorker.js","statementMap":{"0":{"start":{"line":13,"column":20},"end":{"line":13,"column":0}},"1":{"start":{"line":24,"column":2},"end":{"line":54,"column":3}},"2":{"start":{"line":26,"column":22},"end":{"line":26,"column":4}},"3":{"start":{"line":27,"column":4},"end":{"line":32,"column":5}},"4":{"start":{"line":31,"column":6},"end":{"line":null,"column":-1}},"5":{"start":{"line":34,"column":4},"end":{"line":null,"column":-1}},"6":{"start":{"line":35,"column":21},"end":{"line":35,"column":6}},"7":{"start":{"line":37,"column":6},"end":{"line":52,"column":7}},"8":{"start":{"line":39,"column":8},"end":{"line":37,"column":23}},"9":{"start":{"line":43,"column":8},"end":{"line":null,"column":-1}},"10":{"start":{"line":44,"column":10},"end":{"line":null,"column":-1}},"11":{"start":{"line":51,"column":8},"end":{"line":null,"column":-1}},"12":{"start":{"line":58,"column":2},"end":{"line":null,"column":-1}},"13":{"start":{"line":61,"column":6},"end":{"line":null,"column":-1}},"14":{"start":{"line":62,"column":33},"end":{"line":62,"column":8}},"15":{"start":{"line":63,"column":8},"end":{"line":65,"column":9}},"16":{"start":{"line":64,"column":10},"end":{"line":null,"column":-1}},"17":{"start":{"line":66,"column":8},"end":{"line":null,"column":-1}},"18":{"start":{"line":67,"column":10},"end":{"line":92,"column":11}},"19":{"start":{"line":68,"column":12},"end":{"line":91,"column":13}},"20":{"start":{"line":72,"column":14},"end":{"line":68,"column":52}},"21":{"start":{"line":78,"column":14},"end":{"line":80,"column":15}},"22":{"start":{"line":79,"column":16},"end":{"line":null,"column":-1}},"23":{"start":{"line":85,"column":14},"end":{"line":81,"column":19}},"24":{"start":{"line":88,"column":14},"end":{"line":90,"column":15}},"25":{"start":{"line":89,"column":16},"end":{"line":null,"column":-1}},"26":{"start":{"line":97,"column":6},"end":{"line":null,"column":-1}},"27":{"start":{"line":103,"column":2},"end":{"line":null,"column":-1}},"28":{"start":{"line":106,"column":26},"end":{"line":106,"column":6}},"29":{"start":{"line":107,"column":6},"end":{"line":120,"column":7}},"30":{"start":{"line":112,"column":8},"end":{"line":null,"column":-1}},"31":{"start":{"line":113,"column":10},"end":{"line":null,"column":-1}},"32":{"start":{"line":114,"column":12},"end":{"line":null,"column":-1}},"33":{"start":{"line":119,"column":8},"end":{"line":null,"column":-1}},"34":{"start":{"line":123,"column":6},"end":{"line":null,"column":-1}},"35":{"start":{"line":130,"column":2},"end":{"line":134,"column":3}},"36":{"start":{"line":131,"column":4},"end":{"line":null,"column":-1}},"37":{"start":{"line":132,"column":6},"end":{"line":null,"column":-1}}},"fnMap":{"0":{"name":"register","decl":{"start":{"line":23,"column":16},"end":{"line":23,"column":7}},"loc":{"start":{"line":23,"column":33},"end":{"line":55,"column":1}}},"1":{"name":"(anonymous_1)","decl":{"start":{"line":34,"column":36},"end":{"line":34,"column":41}},"loc":{"start":{"line":34,"column":42},"end":{"line":34,"column":4}}},"2":{"name":"(anonymous_2)","decl":{"start":{"line":43,"column":43},"end":{"line":43,"column":48}},"loc":{"start":{"line":43,"column":49},"end":{"line":43,"column":8}}},"3":{"name":"registerValidSW","decl":{"start":{"line":57,"column":9},"end":{"line":57,"column":0}},"loc":{"start":{"line":57,"column":40},"end":{"line":99,"column":1}}},"4":{"name":"(anonymous_4)","decl":{"start":{"line":60,"column":10},"end":{"line":60,"column":21}},"loc":{"start":{"line":60,"column":26},"end":{"line":58,"column":2}}},"5":{"name":"(anonymous_5)","decl":{"start":{"line":61,"column":35},"end":{"line":61,"column":40}},"loc":{"start":{"line":61,"column":41},"end":{"line":61,"column":6}}},"6":{"name":"(anonymous_6)","decl":{"start":{"line":66,"column":41},"end":{"line":66,"column":46}},"loc":{"start":{"line":66,"column":47},"end":{"line":66,"column":8}}},"7":{"name":"(anonymous_7)","decl":{"start":{"line":96,"column":11},"end":{"line":96,"column":15}},"loc":{"start":{"line":96,"column":20},"end":{"line":58,"column":2}}},"8":{"name":"checkValidServiceWorker","decl":{"start":{"line":101,"column":9},"end":{"line":101,"column":0}},"loc":{"start":{"line":101,"column":48},"end":{"line":127,"column":1}}},"9":{"name":"(anonymous_9)","decl":{"start":{"line":104,"column":10},"end":{"line":104,"column":17}},"loc":{"start":{"line":104,"column":22},"end":{"line":103,"column":2}}},"10":{"name":"(anonymous_10)","decl":{"start":{"line":112,"column":43},"end":{"line":112,"column":54}},"loc":{"start":{"line":112,"column":59},"end":{"line":112,"column":8}}},"11":{"name":"(anonymous_11)","decl":{"start":{"line":113,"column":41},"end":{"line":113,"column":46}},"loc":{"start":{"line":113,"column":47},"end":{"line":113,"column":10}}},"12":{"name":"(anonymous_12)","decl":{"start":{"line":122,"column":11},"end":{"line":122,"column":16}},"loc":{"start":{"line":122,"column":17},"end":{"line":103,"column":2}}},"13":{"name":"unregister","decl":{"start":{"line":129,"column":16},"end":{"line":129,"column":7}},"loc":{"start":{"line":129,"column":29},"end":{"line":135,"column":1}}},"14":{"name":"(anonymous_14)","decl":{"start":{"line":131,"column":39},"end":{"line":131,"column":50}},"loc":{"start":{"line":131,"column":55},"end":{"line":131,"column":4}}}},"branchMap":{"0":{"loc":{"start":{"line":14,"column":2},"end":{"line":14,"column":1}},"type":"binary-expr","locations":[{"start":{"line":14,"column":2},"end":{"line":14,"column":1}},{"start":{"line":16,"column":4},"end":{"line":14,"column":2}},{"start":{"line":18,"column":4},"end":{"line":13,"column":27}}]},"1":{"loc":{"start":{"line":24,"column":2},"end":{"line":54,"column":3}},"type":"if","locations":[{"start":{"line":24,"column":2},"end":{"line":54,"column":3}},{"start":{"line":24,"column":2},"end":{"line":54,"column":3}}]},"2":{"loc":{"start":{"line":24,"column":6},"end":{"line":24,"column":5}},"type":"binary-expr","locations":[{"start":{"line":24,"column":6},"end":{"line":24,"column":5}},{"start":{"line":24,"column":47},"end":{"line":24,"column":2}}]},"3":{"loc":{"start":{"line":27,"column":4},"end":{"line":32,"column":5}},"type":"if","locations":[{"start":{"line":27,"column":4},"end":{"line":32,"column":5}},{"start":{"line":27,"column":4},"end":{"line":32,"column":5}}]},"4":{"loc":{"start":{"line":37,"column":6},"end":{"line":52,"column":7}},"type":"if","locations":[{"start":{"line":37,"column":6},"end":{"line":52,"column":7}},{"start":{"line":37,"column":6},"end":{"line":52,"column":7}}]},"5":{"loc":{"start":{"line":63,"column":8},"end":{"line":65,"column":9}},"type":"if","locations":[{"start":{"line":63,"column":8},"end":{"line":65,"column":9}},{"start":{"line":63,"column":8},"end":{"line":65,"column":9}}]},"6":{"loc":{"start":{"line":67,"column":10},"end":{"line":92,"column":11}},"type":"if","locations":[{"start":{"line":67,"column":10},"end":{"line":92,"column":11}},{"start":{"line":67,"column":10},"end":{"line":92,"column":11}}]},"7":{"loc":{"start":{"line":68,"column":12},"end":{"line":91,"column":13}},"type":"if","locations":[{"start":{"line":68,"column":12},"end":{"line":91,"column":13}},{"start":{"line":68,"column":12},"end":{"line":91,"column":13}}]},"8":{"loc":{"start":{"line":78,"column":14},"end":{"line":80,"column":15}},"type":"if","locations":[{"start":{"line":78,"column":14},"end":{"line":80,"column":15}},{"start":{"line":78,"column":14},"end":{"line":80,"column":15}}]},"9":{"loc":{"start":{"line":78,"column":18},"end":{"line":78,"column":24}},"type":"binary-expr","locations":[{"start":{"line":78,"column":18},"end":{"line":78,"column":24}},{"start":{"line":78,"column":28},"end":{"line":78,"column":14}}]},"10":{"loc":{"start":{"line":88,"column":14},"end":{"line":90,"column":15}},"type":"if","locations":[{"start":{"line":88,"column":14},"end":{"line":90,"column":15}},{"start":{"line":88,"column":14},"end":{"line":90,"column":15}}]},"11":{"loc":{"start":{"line":88,"column":18},"end":{"line":88,"column":24}},"type":"binary-expr","locations":[{"start":{"line":88,"column":18},"end":{"line":88,"column":24}},{"start":{"line":88,"column":28},"end":{"line":88,"column":14}}]},"12":{"loc":{"start":{"line":107,"column":6},"end":{"line":120,"column":7}},"type":"if","locations":[{"start":{"line":107,"column":6},"end":{"line":120,"column":7}},{"start":{"line":107,"column":6},"end":{"line":120,"column":7}}]},"13":{"loc":{"start":{"line":108,"column":8},"end":{"line":108,"column":7}},"type":"binary-expr","locations":[{"start":{"line":108,"column":8},"end":{"line":108,"column":7}},{"start":{"line":109,"column":9},"end":{"line":109,"column":8}},{"start":{"line":109,"column":32},"end":{"line":107,"column":6}}]},"14":{"loc":{"start":{"line":130,"column":2},"end":{"line":134,"column":3}},"type":"if","locations":[{"start":{"line":130,"column":2},"end":{"line":134,"column":3}},{"start":{"line":130,"column":2},"end":{"line":134,"column":3}}]}},"s":{"0":0,"1":0,"2":0,"3":0,"4":0,"5":0,"6":0,"7":0,"8":0,"9":0,"10":0,"11":0,"12":0,"13":0,"14":0,"15":0,"16":0,"17":0,"18":0,"19":0,"20":0,"21":0,"22":0,"23":0,"24":0,"25":0,"26":0,"27":0,"28":0,"29":0,"30":0,"31":0,"32":0,"33":0,"34":0,"35":0,"36":0,"37":0},"f":{"0":0,"1":0,"2":0,"3":0,"4":0,"5":0,"6":0,"7":0,"8":0,"9":0,"10":0,"11":0,"12":0,"13":0,"14":0},"b":{"0":[0,0,0],"1":[0,0],"2":[0,0],"3":[0,0],"4":[0,0],"5":[0,0],"6":[0,0],"7":[0,0],"8":[0,0],"9":[0,0],"10":[0,0],"11":[0,0],"12":[0,0],"13":[0,0,0],"14":[0,0]}}
,"D:\\React\\test\\src\\components\\countryFlagPicker\\countryFlagPicker.js": {"path":"D:\\React\\test\\src\\components\\countryFlagPicker\\countryFlagPicker.js","statementMap":{"0":{"start":{"line":5,"column":17},"end":{"line":5,"column":54}},"1":{"start":{"line":9,"column":8},"end":{"line":9,"column":21}},"2":{"start":{"line":11,"column":8},"end":{"line":17,"column":9}},"3":{"start":{"line":18,"column":8},"end":{"line":18,"column":73}},"4":{"start":{"line":19,"column":8},"end":{"line":19,"column":67}},"5":{"start":{"line":20,"column":8},"end":{"line":20,"column":52}},"6":{"start":{"line":24,"column":8},"end":{"line":24,"column":36}},"7":{"start":{"line":28,"column":31},"end":{"line":28,"column":41}},"8":{"start":{"line":29,"column":22},"end":{"line":34,"column":10}},"9":{"start":{"line":30,"column":12},"end":{"line":33,"column":13}},"10":{"start":{"line":35,"column":8},"end":{"line":35,"column":47}},"11":{"start":{"line":39,"column":8},"end":{"line":46,"column":9}},"12":{"start":{"line":40,"column":12},"end":{"line":44,"column":15}},"13":{"start":{"line":45,"column":12},"end":{"line":45,"column":19}},"14":{"start":{"line":47,"column":31},"end":{"line":47,"column":41}},"15":{"start":{"line":48,"column":33},"end":{"line":48,"column":110}},"16":{"start":{"line":48,"column":57},"end":{"line":48,"column":99}},"17":{"start":{"line":49,"column":32},"end":{"line":54,"column":10}},"18":{"start":{"line":50,"column":12},"end":{"line":53,"column":13}},"19":{"start":{"line":55,"column":8},"end":{"line":59,"column":11}},"20":{"start":{"line":63,"column":8},"end":{"line":66,"column":9}},"21":{"start":{"line":64,"column":12},"end":{"line":64,"column":53}},"22":{"start":{"line":65,"column":12},"end":{"line":65,"column":19}},"23":{"start":{"line":67,"column":8},"end":{"line":67,"column":52}},"24":{"start":{"line":71,"column":8},"end":{"line":71,"column":49}},"25":{"start":{"line":75,"column":87},"end":{"line":75,"column":97}},"26":{"start":{"line":76,"column":8},"end":{"line":116,"column":10}},"27":{"start":{"line":102,"column":36},"end":{"line":107,"column":108}}},"fnMap":{"0":{"name":"(anonymous_0)","decl":{"start":{"line":8,"column":4},"end":{"line":8,"column":5}},"loc":{"start":{"line":8,"column":23},"end":{"line":21,"column":5}},"line":8},"1":{"name":"(anonymous_1)","decl":{"start":{"line":23,"column":4},"end":{"line":23,"column":5}},"loc":{"start":{"line":23,"column":24},"end":{"line":25,"column":5}},"line":23},"2":{"name":"(anonymous_2)","decl":{"start":{"line":27,"column":4},"end":{"line":27,"column":5}},"loc":{"start":{"line":27,"column":27},"end":{"line":36,"column":5}},"line":27},"3":{"name":"(anonymous_3)","decl":{"start":{"line":29,"column":37},"end":{"line":29,"column":38}},"loc":{"start":{"line":29,"column":47},"end":{"line":34,"column":9}},"line":29},"4":{"name":"(anonymous_4)","decl":{"start":{"line":38,"column":4},"end":{"line":38,"column":5}},"loc":{"start":{"line":38,"column":57},"end":{"line":60,"column":5}},"line":38},"5":{"name":"(anonymous_5)","decl":{"start":{"line":48,"column":49},"end":{"line":48,"column":50}},"loc":{"start":{"line":48,"column":57},"end":{"line":48,"column":99}},"line":48},"6":{"name":"(anonymous_6)","decl":{"start":{"line":49,"column":53},"end":{"line":49,"column":54}},"loc":{"start":{"line":49,"column":63},"end":{"line":54,"column":9}},"line":49},"7":{"name":"(anonymous_7)","decl":{"start":{"line":62,"column":4},"end":{"line":62,"column":5}},"loc":{"start":{"line":62,"column":42},"end":{"line":68,"column":5}},"line":62},"8":{"name":"(anonymous_8)","decl":{"start":{"line":70,"column":4},"end":{"line":70,"column":5}},"loc":{"start":{"line":70,"column":16},"end":{"line":72,"column":5}},"line":70},"9":{"name":"(anonymous_9)","decl":{"start":{"line":74,"column":4},"end":{"line":74,"column":5}},"loc":{"start":{"line":74,"column":13},"end":{"line":117,"column":5}},"line":74},"10":{"name":"(anonymous_10)","decl":{"start":{"line":101,"column":55},"end":{"line":101,"column":56}},"loc":{"start":{"line":101,"column":75},"end":{"line":108,"column":33}},"line":101}},"branchMap":{"0":{"loc":{"start":{"line":39,"column":8},"end":{"line":46,"column":9}},"type":"if","locations":[{"start":{"line":39,"column":8},"end":{"line":46,"column":9}},{"start":{"line":39,"column":8},"end":{"line":46,"column":9}}],"line":39},"1":{"loc":{"start":{"line":63,"column":8},"end":{"line":66,"column":9}},"type":"if","locations":[{"start":{"line":63,"column":8},"end":{"line":66,"column":9}},{"start":{"line":63,"column":8},"end":{"line":66,"column":9}}],"line":63},"2":{"loc":{"start":{"line":84,"column":25},"end":{"line":87,"column":35}},"type":"cond-expr","locations":[{"start":{"line":84,"column":48},"end":{"line":87,"column":30}},{"start":{"line":87,"column":33},"end":{"line":87,"column":35}}],"line":84},"3":{"loc":{"start":{"line":88,"column":25},"end":{"line":89,"column":126}},"type":"cond-expr","locations":[{"start":{"line":89,"column":28},"end":{"line":89,"column":121}},{"start":{"line":89,"column":124},"end":{"line":89,"column":126}}],"line":88},"4":{"loc":{"start":{"line":92,"column":25},"end":{"line":95,"column":35}},"type":"cond-expr","locations":[{"start":{"line":92,"column":48},"end":{"line":95,"column":30}},{"start":{"line":95,"column":33},"end":{"line":95,"column":35}}],"line":92},"5":{"loc":{"start":{"line":98,"column":25},"end":{"line":111,"column":35}},"type":"cond-expr","locations":[{"start":{"line":98,"column":52},"end":{"line":111,"column":30}},{"start":{"line":111,"column":33},"end":{"line":111,"column":35}}],"line":98}},"s":{"0":1,"1":1,"2":1,"3":1,"4":1,"5":1,"6":1,"7":1,"8":1,"9":5,"10":1,"11":0,"12":0,"13":0,"14":0,"15":0,"16":0,"17":0,"18":0,"19":0,"20":0,"21":0,"22":0,"23":0,"24":0,"25":2,"26":2,"27":0},"f":{"0":1,"1":1,"2":1,"3":5,"4":0,"5":0,"6":0,"7":0,"8":0,"9":2,"10":0},"b":{"0":[0,0],"1":[0,0],"2":[1,1],"3":[0,2],"4":[0,2],"5":[0,2]},"_coverageSchema":"332fd63041d2c1bcb487cc26dd0d5f7d97098a6c","hash":"1dabe29d4488fc07e698e211982c34846b660489"}
,"D:\\React\\test\\src\\components\\searchBoxComponent\\searchBoxComponent.js": {"path":"D:\\React\\test\\src\\components\\searchBoxComponent\\searchBoxComponent.js","statementMap":{"0":{"start":{"line":7,"column":8},"end":{"line":7,"column":21}},"1":{"start":{"line":8,"column":28},"end":{"line":8,"column":33}},"2":{"start":{"line":9,"column":8},"end":{"line":14,"column":9}},"3":{"start":{"line":15,"column":8},"end":{"line":15,"column":59}},"4":{"start":{"line":16,"column":8},"end":{"line":16,"column":59}},"5":{"start":{"line":17,"column":8},"end":{"line":17,"column":61}},"6":{"start":{"line":18,"column":8},"end":{"line":18,"column":55}},"7":{"start":{"line":22,"column":8},"end":{"line":22,"column":58}},"8":{"start":{"line":23,"column":32},"end":{"line":23,"column":42}},"9":{"start":{"line":25,"column":8},"end":{"line":39,"column":9}},"10":{"start":{"line":26,"column":40},"end":{"line":26,"column":50}},"11":{"start":{"line":27,"column":12},"end":{"line":32,"column":13}},"12":{"start":{"line":28,"column":16},"end":{"line":28,"column":53}},"13":{"start":{"line":29,"column":16},"end":{"line":29,"column":55}},"14":{"start":{"line":31,"column":15},"end":{"line":31,"column":109}},"15":{"start":{"line":31,"column":72},"end":{"line":31,"column":107}},"16":{"start":{"line":33,"column":12},"end":{"line":33,"column":64}},"17":{"start":{"line":34,"column":12},"end":{"line":34,"column":69}},"18":{"start":{"line":36,"column":12},"end":{"line":36,"column":80}},"19":{"start":{"line":37,"column":12},"end":{"line":37,"column":57}},"20":{"start":{"line":38,"column":12},"end":{"line":38,"column":50}},"21":{"start":{"line":43,"column":8},"end":{"line":43,"column":45}},"22":{"start":{"line":47,"column":31},"end":{"line":47,"column":41}},"23":{"start":{"line":48,"column":25},"end":{"line":48,"column":57}},"24":{"start":{"line":49,"column":28},"end":{"line":49,"column":104}},"25":{"start":{"line":49,"column":56},"end":{"line":49,"column":103}},"26":{"start":{"line":51,"column":8},"end":{"line":51,"column":48}},"27":{"start":{"line":52,"column":8},"end":{"line":52,"column":48}},"28":{"start":{"line":53,"column":8},"end":{"line":53,"column":49}},"29":{"start":{"line":57,"column":8},"end":{"line":57,"column":46}},"30":{"start":{"line":61,"column":39},"end":{"line":61,"column":49}},"31":{"start":{"line":62,"column":41},"end":{"line":62,"column":51}},"32":{"start":{"line":63,"column":8},"end":{"line":71,"column":10}}},"fnMap":{"0":{"name":"(anonymous_0)","decl":{"start":{"line":6,"column":4},"end":{"line":6,"column":5}},"loc":{"start":{"line":6,"column":23},"end":{"line":19,"column":5}},"line":6},"1":{"name":"(anonymous_1)","decl":{"start":{"line":21,"column":4},"end":{"line":21,"column":5}},"loc":{"start":{"line":21,"column":46},"end":{"line":40,"column":5}},"line":21},"2":{"name":"(anonymous_2)","decl":{"start":{"line":31,"column":62},"end":{"line":31,"column":63}},"loc":{"start":{"line":31,"column":72},"end":{"line":31,"column":107}},"line":31},"3":{"name":"(anonymous_3)","decl":{"start":{"line":42,"column":4},"end":{"line":42,"column":5}},"loc":{"start":{"line":42,"column":20},"end":{"line":44,"column":5}},"line":42},"4":{"name":"(anonymous_4)","decl":{"start":{"line":46,"column":4},"end":{"line":46,"column":5}},"loc":{"start":{"line":46,"column":25},"end":{"line":54,"column":5}},"line":46},"5":{"name":"(anonymous_5)","decl":{"start":{"line":49,"column":46},"end":{"line":49,"column":47}},"loc":{"start":{"line":49,"column":56},"end":{"line":49,"column":103}},"line":49},"6":{"name":"(anonymous_6)","decl":{"start":{"line":56,"column":4},"end":{"line":56,"column":5}},"loc":{"start":{"line":56,"column":17},"end":{"line":58,"column":5}},"line":56},"7":{"name":"(anonymous_7)","decl":{"start":{"line":60,"column":4},"end":{"line":60,"column":5}},"loc":{"start":{"line":60,"column":13},"end":{"line":72,"column":5}},"line":60}},"branchMap":{"0":{"loc":{"start":{"line":25,"column":8},"end":{"line":39,"column":9}},"type":"if","locations":[{"start":{"line":25,"column":8},"end":{"line":39,"column":9}},{"start":{"line":25,"column":8},"end":{"line":39,"column":9}}],"line":25},"1":{"loc":{"start":{"line":27,"column":12},"end":{"line":32,"column":13}},"type":"if","locations":[{"start":{"line":27,"column":12},"end":{"line":32,"column":13}},{"start":{"line":27,"column":12},"end":{"line":32,"column":13}}],"line":27},"2":{"loc":{"start":{"line":68,"column":17},"end":{"line":69,"column":86}},"type":"binary-expr","locations":[{"start":{"line":68,"column":17},"end":{"line":68,"column":28}},{"start":{"line":68,"column":32},"end":{"line":69,"column":86}}],"line":68}},"s":{"0":8,"1":8,"2":8,"3":8,"4":8,"5":8,"6":8,"7":3,"8":3,"9":3,"10":2,"11":2,"12":1,"13":1,"14":1,"15":1,"16":2,"17":2,"18":1,"19":1,"20":1,"21":1,"22":1,"23":1,"24":1,"25":2,"26":1,"27":1,"28":1,"29":1,"30":19,"31":19,"32":19},"f":{"0":8,"1":3,"2":1,"3":1,"4":1,"5":2,"6":1,"7":19},"b":{"0":[2,1],"1":[1,1],"2":[19,7]},"_coverageSchema":"332fd63041d2c1bcb487cc26dd0d5f7d97098a6c","hash":"602d5c9023bd72a2df0f073286fe13e5d541e5a4"}
,"D:\\React\\test\\src\\components\\searchBoxComponent\\SearchOptions\\SearchOptions.js": {"path":"D:\\React\\test\\src\\components\\searchBoxComponent\\SearchOptions\\SearchOptions.js","statementMap":{"0":{"start":{"line":7,"column":8},"end":{"line":7,"column":21}},"1":{"start":{"line":8,"column":8},"end":{"line":8,"column":52}},"2":{"start":{"line":9,"column":8},"end":{"line":9,"column":82}},"3":{"start":{"line":13,"column":8},"end":{"line":13,"column":79}},"4":{"start":{"line":17,"column":9},"end":{"line":17,"column":83}},"5":{"start":{"line":21,"column":8},"end":{"line":23,"column":9}},"6":{"start":{"line":22,"column":12},"end":{"line":22,"column":37}},"7":{"start":{"line":27,"column":41},"end":{"line":27,"column":51}},"8":{"start":{"line":28,"column":8},"end":{"line":41,"column":10}},"9":{"start":{"line":31,"column":20},"end":{"line":31,"column":113}},"10":{"start":{"line":31,"column":60},"end":{"line":31,"column":91}},"11":{"start":{"line":35,"column":24},"end":{"line":37,"column":128}},"12":{"start":{"line":36,"column":28},"end":{"line":36,"column":82}}},"fnMap":{"0":{"name":"(anonymous_0)","decl":{"start":{"line":6,"column":4},"end":{"line":6,"column":5}},"loc":{"start":{"line":6,"column":23},"end":{"line":10,"column":5}},"line":6},"1":{"name":"(anonymous_1)","decl":{"start":{"line":12,"column":4},"end":{"line":12,"column":5}},"loc":{"start":{"line":12,"column":24},"end":{"line":14,"column":5}},"line":12},"2":{"name":"(anonymous_2)","decl":{"start":{"line":16,"column":4},"end":{"line":16,"column":5}},"loc":{"start":{"line":16,"column":25},"end":{"line":18,"column":5}},"line":16},"3":{"name":"(anonymous_3)","decl":{"start":{"line":20,"column":4},"end":{"line":20,"column":5}},"loc":{"start":{"line":20,"column":37},"end":{"line":24,"column":5}},"line":20},"4":{"name":"(anonymous_4)","decl":{"start":{"line":26,"column":4},"end":{"line":26,"column":5}},"loc":{"start":{"line":26,"column":13},"end":{"line":42,"column":5}},"line":26},"5":{"name":"(anonymous_5)","decl":{"start":{"line":30,"column":45},"end":{"line":30,"column":46}},"loc":{"start":{"line":30,"column":62},"end":{"line":32,"column":17}},"line":30},"6":{"name":"(anonymous_6)","decl":{"start":{"line":31,"column":52},"end":{"line":31,"column":53}},"loc":{"start":{"line":31,"column":58},"end":{"line":31,"column":93}},"line":31},"7":{"name":"(anonymous_7)","decl":{"start":{"line":34,"column":33},"end":{"line":34,"column":34}},"loc":{"start":{"line":34,"column":50},"end":{"line":38,"column":21}},"line":34},"8":{"name":"(anonymous_8)","decl":{"start":{"line":35,"column":141},"end":{"line":35,"column":142}},"loc":{"start":{"line":35,"column":152},"end":{"line":37,"column":25}},"line":35}},"branchMap":{"0":{"loc":{"start":{"line":21,"column":8},"end":{"line":23,"column":9}},"type":"if","locations":[{"start":{"line":21,"column":8},"end":{"line":23,"column":9}},{"start":{"line":21,"column":8},"end":{"line":23,"column":9}}],"line":21},"1":{"loc":{"start":{"line":21,"column":11},"end":{"line":21,"column":128}},"type":"binary-expr","locations":[{"start":{"line":21,"column":11},"end":{"line":21,"column":34}},{"start":{"line":21,"column":38},"end":{"line":21,"column":69}},{"start":{"line":21,"column":73},"end":{"line":21,"column":128}}],"line":21},"2":{"loc":{"start":{"line":30,"column":17},"end":{"line":32,"column":18}},"type":"binary-expr","locations":[{"start":{"line":30,"column":17},"end":{"line":30,"column":29}},{"start":{"line":30,"column":33},"end":{"line":32,"column":18}}],"line":30},"3":{"loc":{"start":{"line":33,"column":16},"end":{"line":39,"column":22}},"type":"binary-expr","locations":[{"start":{"line":33,"column":16},"end":{"line":33,"column":27}},{"start":{"line":33,"column":31},"end":{"line":39,"column":22}}],"line":33}},"s":{"0":0,"1":0,"2":0,"3":0,"4":0,"5":0,"6":0,"7":0,"8":0,"9":0,"10":0,"11":0,"12":0},"f":{"0":0,"1":0,"2":0,"3":0,"4":0,"5":0,"6":0,"7":0,"8":0},"b":{"0":[0,0],"1":[0,0,0],"2":[0,0],"3":[0,0]},"_coverageSchema":"332fd63041d2c1bcb487cc26dd0d5f7d97098a6c","hash":"7653695faf90acb4a8dd7e337cc7e5970ecf1783"}
}
